<?xml version="1.0" encoding="UTF-8"?>
<!-- Generated by org.testng.reporters.JUnitXMLReporter -->
<testsuite hostname="Bhakti-PC" name="Default test" tests="4" failures="0" timestamp="31 Mar 2019 06:09:50 GMT" time="0.077" errors="0">
  <testcase name="@BeforeClass setup" time="0.0" classname="com.medo.testcases.TC_EditCustomer_VerifyCusId_005">
    <failure type="org.testng.TestNGException" message="
Parameter &amp;apos;browser&amp;apos; is required by @Configuration on method setup but has not been marked @Optional or defined
in C:\Users\Bhakti\AppData\Local\Temp\testng-eclipse--1181987722\testng-customsuite.xml">
      <![CDATA[org.testng.TestNGException: 
Parameter 'browser' is required by @Configuration on method setup but has not been marked @Optional or defined
in C:\Users\Bhakti\AppData\Local\Temp\testng-eclipse--1181987722\testng-customsuite.xml
	at org.testng.internal.Parameters.createParameters(Parameters.java:154)
	at org.testng.internal.Parameters.createParameters(Parameters.java:361)
	at org.testng.internal.Parameters.createConfigurationParameters(Parameters.java:84)
	at org.testng.internal.Invoker.invokeConfigurations(Invoker.java:201)
	at org.testng.internal.Invoker.invokeConfigurations(Invoker.java:142)
	at org.testng.internal.TestMethodWorker.invokeBeforeClassMethods(TestMethodWorker.java:178)
	at org.testng.internal.TestMethodWorker.run(TestMethodWorker.java:108)
	at org.testng.TestRunner.privateRun(TestRunner.java:782)
	at org.testng.TestRunner.run(TestRunner.java:632)
	at org.testng.SuiteRunner.runTest(SuiteRunner.java:366)
	at org.testng.SuiteRunner.runSequentially(SuiteRunner.java:361)
	at org.testng.SuiteRunner.privateRun(SuiteRunner.java:319)
	at org.testng.SuiteRunner.run(SuiteRunner.java:268)
	at org.testng.SuiteRunnerWorker.runSuite(SuiteRunnerWorker.java:52)
	at org.testng.SuiteRunnerWorker.run(SuiteRunnerWorker.java:86)
	at org.testng.TestNG.runSuitesSequentially(TestNG.java:1244)
	at org.testng.TestNG.runSuitesLocally(TestNG.java:1169)
	at org.testng.TestNG.run(TestNG.java:1064)
	at org.testng.remote.AbstractRemoteTestNG.run(AbstractRemoteTestNG.java:132)
	at org.testng.remote.RemoteTestNG.initAndRun(RemoteTestNG.java:236)
	at org.testng.remote.RemoteTestNG.main(RemoteTestNG.java:81)
]]>
    </failure>
  </testcase> <!-- @BeforeClass setup -->
  <testcase name="@AfterClass tearDown" time="0.0" classname="com.medo.testcases.TC_EditCustomer_VerifyCusId_005">
    <skipped/>
  </testcase> <!-- @AfterClass tearDown -->
  <testcase name="edit_blank" time="0.011" classname="com.medo.testcases.TC_EditCustomer_VerifyCusId_005">
    <skipped/>
  </testcase> <!-- edit_blank -->
  <testcase name="edit_numeric" time="0.002" classname="com.medo.testcases.TC_EditCustomer_VerifyCusId_005">
    <skipped/>
  </testcase> <!-- edit_numeric -->
  <testcase name="edit_splchar" time="0.002" classname="com.medo.testcases.TC_EditCustomer_VerifyCusId_005">
    <skipped/>
  </testcase> <!-- edit_splchar -->
  <testcase name="edit_valid" time="0.002" classname="com.medo.testcases.TC_EditCustomer_VerifyCusId_005">
    <skipped/>
  </testcase> <!-- edit_valid -->
</testsuite> <!-- Default test -->
